<?xml version="1.0" encoding="UTF-8"?>
<!-- Generated by org.testng.reporters.JUnitReportReporter -->
<testsuite hostname="YI-LINGs-MBP.modem" failures="0" tests="2" name="org.example.SeleniumTest" time="0.000" errors="0" timestamp="23 Feb 2021 10:59:02 GMT" skipped="0">
  <testcase classname="org.example.SeleniumTest" name="elementsUI" time="0.000"/>
  <testcase classname="org.example.SeleniumTest" name="browserAutomation" time="0.000"/>
</testsuite> <!-- org.example.SeleniumTest -->
