<?xml version="1.0" encoding="UTF-8"?>
<!-- Generated by org.testng.reporters.JUnitReportReporter -->
<testsuite hostname="YI-LINGs-MBP.modem" failures="0" tests="2" name="org.example.SeleniumTest" time="0.002" errors="0" timestamp="19 Feb 2021 12:17:13 GMT" skipped="0">
  <testcase classname="org.example.SeleniumTest" name="elementsUI" time="0.001"/>
  <testcase classname="org.example.SeleniumTest" name="browserAutomation" time="0.001"/>
</testsuite> <!-- org.example.SeleniumTest -->
