<?xml version="1.0" encoding="UTF-8"?>
<!-- Generated by org.testng.reporters.JUnitReportReporter -->
<testsuite hostname="YI-LINGs-MBP.modem" failures="0" tests="2" name="org.example.AppiumTest" time="0.005" errors="0" timestamp="21 Feb 2021 06:23:25 GMT" skipped="0">
  <testcase classname="org.example.AppiumTest" name="NativeAppAndroid" time="0.004"/>
  <testcase classname="org.example.AppiumTest" name="iOS" time="0.001"/>
</testsuite> <!-- org.example.AppiumTest -->
