<?xml version="1.0" encoding="UTF-8"?>
<!-- Generated by org.testng.reporters.JUnitReportReporter -->
<testsuite hostname="YI-LINGs-MBP.modem" failures="0" tests="2" name="org.example.AppiumTest" time="0.019" errors="0" timestamp="19 Feb 2021 12:17:13 GMT" skipped="0">
  <testcase classname="org.example.AppiumTest" name="iOS" time="0.004"/>
  <testcase classname="org.example.AppiumTest" name="NativeAppAndroid" time="0.015"/>
</testsuite> <!-- org.example.AppiumTest -->
