<?xml version="1.0" encoding="UTF-8"?>
<!-- Generated by org.testng.reporters.JUnitReportReporter -->
<testsuite hostname="YI-LINGs-MacBook-Pro.local" failures="0" tests="1" name="PDFautomation.PDFautomation" time="7.866" errors="0" timestamp="25 Feb 2021 23:04:55 GMT" skipped="0">
  <testcase classname="PDFautomation.PDFautomation" name="verifyContentInPDF" time="7.866"/>
</testsuite> <!-- PDFautomation.PDFautomation -->
